<?xml version="1.0" encoding="UTF-8"?>
<!-- Generated by org.testng.reporters.JUnitXMLReporter -->
<testsuite hostname="lwo1-lhp-f71232" ignored="0" name="Default test" tests="6" failures="0" timestamp="25 Oct 2018 12:37:41 GMT" time="1.276" errors="0">
  <testcase name="testRoomKeyEmptyExtData" time="0.044" classname="com.vidyo.rest.extintegration.ExtIntegrationControllerTest"/>
  <testcase name="testRoomKeyEmptyExtDataType" time="0.002" classname="com.vidyo.rest.extintegration.ExtIntegrationControllerTest"/>
  <testcase name="testRoomKeyEpicNotEnabled" time="0.004" classname="com.vidyo.rest.extintegration.ExtIntegrationControllerTest"/>
  <testcase name="testRoomKeyInvalidExtData" time="0.602" classname="com.vidyo.rest.extintegration.ExtIntegrationControllerTest"/>
  <testcase name="testRoomKeyRoomCreationFailed" time="0.02" classname="com.vidyo.rest.extintegration.ExtIntegrationControllerTest"/>
  <testcase name="testRoomKeyRoomNotFound" time="0.004" classname="com.vidyo.rest.extintegration.ExtIntegrationControllerTest"/>
</testsuite> <!-- Default test -->
