<?xml version="1.0" encoding="UTF-8"?>
<!-- Generated by org.testng.reporters.JUnitXMLReporter -->
<testsuite hostname="lwo1-lhp-f71232" ignored="0" name="Default test" tests="8" failures="0" timestamp="25 Oct 2018 13:21:27 GMT" time="0.353" errors="0">
  <testcase name="testGlobalEpicDisabled" time="0.021" classname="com.vidyo.service.configuration.ExtIntegrationServiceImplTest"/>
  <testcase name="testGlobalEpicEnabled" time="0.004" classname="com.vidyo.service.configuration.ExtIntegrationServiceImplTest"/>
  <testcase name="testGlobalTytoCareDisabled" time="0.002" classname="com.vidyo.service.configuration.ExtIntegrationServiceImplTest"/>
  <testcase name="testGlobalTytoCareEnabled" time="0.001" classname="com.vidyo.service.configuration.ExtIntegrationServiceImplTest"/>
  <testcase name="testTenantEpicDisabled" time="0.005" classname="com.vidyo.service.configuration.ExtIntegrationServiceImplTest"/>
  <testcase name="testTenantEpicEnabled" time="0.001" classname="com.vidyo.service.configuration.ExtIntegrationServiceImplTest"/>
  <testcase name="testTenantTytoCareDisabled" time="0.003" classname="com.vidyo.service.configuration.ExtIntegrationServiceImplTest"/>
  <testcase name="testTenantTytoCareEnabled" time="0.005" classname="com.vidyo.service.configuration.ExtIntegrationServiceImplTest"/>
</testsuite> <!-- Default test -->
